# JRE version: OpenJDK Runtime Environment (8.0_112-b06) (build 1.8.0_112-release-b06)
# Java VM: OpenJDK 64-Bit Server VM (25.112-b06 mixed mode windows-amd64 compressed oops)
Heap:
 PSYoungGen      total 425472K, used 425098K [0x00000000e0000000, 0x00000000ffa80000, 0x0000000100000000)
  eden space 396800K, 100% used [0x00000000e0000000,0x00000000f8380000,0x00000000f8380000)
  from space 28672K, 98% used [0x00000000f8380000,0x00000000f9f229a0,0x00000000f9f80000)
  to   space 60928K, 64% used [0x00000000fbf00000,0x00000000fe535160,0x00000000ffa80000)
 ParOldGen       total 153088K, used 76991K [0x00000000a0000000, 0x00000000a9580000, 0x00000000e0000000)
  object space 153088K, 50% used [0x00000000a0000000,0x00000000a4b2ffc0,0x00000000a9580000)
 Metaspace       used 83234K, capacity 90228K, committed 90456K, reserved 1128448K
  class space    used 10553K, capacity 11593K, committed 11648K, reserved 1048576K
GC Heap History (10 events):
Event: 11686.348 GC heap after
Heap after GC invocations=46 (full 5):
 PSYoungGen      total 458240K, used 3250K [0x00000000e0000000, 0x0000000100000000, 0x0000000100000000)
  eden space 396288K, 0% used [0x00000000e0000000,0x00000000e0000000,0x00000000f8300000)
  from space 61952K, 5% used [0x00000000f8300000,0x00000000f862cb60,0x00000000fbf80000)
  to   space 61440K, 0% used [0x00000000fc400000,0x00000000fc400000,0x0000000100000000)
 ParOldGen       total 153088K, used 76318K [0x00000000a0000000, 0x00000000a9580000, 0x00000000e0000000)
  object space 153088K, 49% used [0x00000000a0000000,0x00000000a4a87900,0x00000000a9580000)
 Metaspace       used 77291K, capacity 82986K, committed 83160K, reserved 1122304K
  class space    used 9771K, capacity 10489K, committed 10496K, reserved 1048576K
}
Event: 12311.709 GC heap before
{Heap before GC invocations=47 (full 5):
 PSYoungGen      total 458240K, used 399538K [0x00000000e0000000, 0x0000000100000000, 0x0000000100000000)
  eden space 396288K, 100% used [0x00000000e0000000,0x00000000f8300000,0x00000000f8300000)
  from space 61952K, 5% used [0x00000000f8300000,0x00000000f862cb60,0x00000000fbf80000)
  to   space 61440K, 0% used [0x00000000fc400000,0x00000000fc400000,0x0000000100000000)
 ParOldGen       total 153088K, used 76318K [0x00000000a0000000, 0x00000000a9580000, 0x00000000e0000000)
  object space 153088K, 49% used [0x00000000a0000000,0x00000000a4a87900,0x00000000a9580000)
 Metaspace       used 77669K, capacity 83622K, committed 83800K, reserved 1122304K
  class space    used 9822K, capacity 10584K, committed 10624K, reserved 1048576K
Event: 12318.164 GC heap after
Heap after GC invocations=47 (full 5):
 PSYoungGen      total 458752K, used 4665K [0x00000000e0000000, 0x00000000ffc80000, 0x0000000100000000)
  eden space 400896K, 0% used [0x00000000e0000000,0x00000000e0000000,0x00000000f8780000)
  from space 57856K, 8% used [0x00000000fc400000,0x00000000fc88e5c0,0x00000000ffc80000)
  to   space 59904K, 0% used [0x00000000f8780000,0x00000000f8780000,0x00000000fc200000)
 ParOldGen       total 153088K, used 76318K [0x00000000a0000000, 0x00000000a9580000, 0x00000000e0000000)
  object space 153088K, 49% used [0x00000000a0000000,0x00000000a4a87900,0x00000000a9580000)
 Metaspace       used 77669K, capacity 83622K, committed 83800K, reserved 1122304K
  class space    used 9822K, capacity 10584K, committed 10624K, reserved 1048576K
}
Event: 12519.749 GC heap before
{Heap before GC invocations=48 (full 5):
 PSYoungGen      total 458752K, used 405561K [0x00000000e0000000, 0x00000000ffc80000, 0x0000000100000000)
  eden space 400896K, 100% used [0x00000000e0000000,0x00000000f8780000,0x00000000f8780000)
  from space 57856K, 8% used [0x00000000fc400000,0x00000000fc88e5c0,0x00000000ffc80000)
  to   space 59904K, 0% used [0x00000000f8780000,0x00000000f8780000,0x00000000fc200000)
 ParOldGen       total 153088K, used 76318K [0x00000000a0000000, 0x00000000a9580000, 0x00000000e0000000)
  object space 153088K, 49% used [0x00000000a0000000,0x00000000a4a87900,0x00000000a9580000)
 Metaspace       used 82206K, capacity 88876K, committed 89048K, reserved 1126400K
  class space    used 10448K, capacity 11463K, committed 11520K, reserved 1048576K
Event: 12544.996 GC heap after
Heap after GC invocations=48 (full 5):
 PSYoungGen      total 444928K, used 43669K [0x00000000e0000000, 0x0000000100000000, 0x0000000100000000)
  eden space 400896K, 0% used [0x00000000e0000000,0x00000000e0000000,0x00000000f8780000)
  from space 44032K, 99% used [0x00000000f8780000,0x00000000fb2255e8,0x00000000fb280000)
  to   space 65024K, 0% used [0x00000000fc080000,0x00000000fc080000,0x0000000100000000)
 ParOldGen       total 153088K, used 76326K [0x00000000a0000000, 0x00000000a9580000, 0x00000000e0000000)
  object space 153088K, 49% used [0x00000000a0000000,0x00000000a4a89900,0x00000000a9580000)
 Metaspace       used 82206K, capacity 88876K, committed 89048K, reserved 1126400K
  class space    used 10448K, capacity 11463K, committed 11520K, reserved 1048576K
}
Event: 13646.706 GC heap before
{Heap before GC invocations=49 (full 5):
 PSYoungGen      total 444928K, used 444565K [0x00000000e0000000, 0x0000000100000000, 0x0000000100000000)
  eden space 400896K, 100% used [0x00000000e0000000,0x00000000f8780000,0x00000000f8780000)
  from space 44032K, 99% used [0x00000000f8780000,0x00000000fb2255e8,0x00000000fb280000)
  to   space 65024K, 0% used [0x00000000fc080000,0x00000000fc080000,0x0000000100000000)
 ParOldGen       total 153088K, used 76326K [0x00000000a0000000, 0x00000000a9580000, 0x00000000e0000000)
  object space 153088K, 49% used [0x00000000a0000000,0x00000000a4a89900,0x00000000a9580000)
 Metaspace       used 83043K, capacity 89930K, committed 90200K, reserved 1128448K
  class space    used 10530K, capacity 11544K, committed 11648K, reserved 1048576K
Event: 13665.904 GC heap after
Heap after GC invocations=49 (full 5):
 PSYoungGen      total 461824K, used 25926K [0x00000000e0000000, 0x0000000100000000, 0x0000000100000000)
  eden space 396800K, 0% used [0x00000000e0000000,0x00000000e0000000,0x00000000f8380000)
  from space 65024K, 39% used [0x00000000fc080000,0x00000000fd9d1b88,0x0000000100000000)
  to   space 62464K, 0% used [0x00000000f8380000,0x00000000f8380000,0x00000000fc080000)
 ParOldGen       total 153088K, used 76494K [0x00000000a0000000, 0x00000000a9580000, 0x00000000e0000000)
  object space 153088K, 49% used [0x00000000a0000000,0x00000000a4ab3900,0x00000000a9580000)
 Metaspace       used 83043K, capacity 89930K, committed 90200K, reserved 1128448K
  class space    used 10530K, capacity 11544K, committed 11648K, reserved 1048576K
}
Event: 13735.247 GC heap before
{Heap before GC invocations=50 (full 5):
 PSYoungGen      total 461824K, used 422726K [0x00000000e0000000, 0x0000000100000000, 0x0000000100000000)
  eden space 396800K, 100% used [0x00000000e0000000,0x00000000f8380000,0x00000000f8380000)
  from space 65024K, 39% used [0x00000000fc080000,0x00000000fd9d1b88,0x0000000100000000)
  to   space 62464K, 0% used [0x00000000f8380000,0x00000000f8380000,0x00000000fc080000)
 ParOldGen       total 153088K, used 76494K [0x00000000a0000000, 0x00000000a9580000, 0x00000000e0000000)
  object space 153088K, 49% used [0x00000000a0000000,0x00000000a4ab3900,0x00000000a9580000)
 Metaspace       used 83172K, capacity 90140K, committed 90456K, reserved 1128448K
  class space    used 10545K, capacity 11585K, committed 11648K, reserved 1048576K
Event: 13747.426 GC heap after
Heap after GC invocations=50 (full 5):
 PSYoungGen      total 425472K, used 28298K [0x00000000e0000000, 0x00000000ffa80000, 0x0000000100000000)
  eden space 396800K, 0% used [0x00000000e0000000,0x00000000e0000000,0x00000000f8380000)
  from space 28672K, 98% used [0x00000000f8380000,0x00000000f9f229a0,0x00000000f9f80000)
  to   space 60928K, 0% used [0x00000000fbf00000,0x00000000fbf00000,0x00000000ffa80000)
 ParOldGen       total 153088K, used 76895K [0x00000000a0000000, 0x00000000a9580000, 0x00000000e0000000)
  object space 153088K, 50% used [0x00000000a0000000,0x00000000a4b17fc0,0x00000000a9580000)
 Metaspace       used 83172K, capacity 90140K, committed 90456K, reserved 1128448K
  class space    used 10545K, capacity 11585K, committed 11648K, reserved 1048576K
}
Event: 13958.282 GC heap before
{Heap before GC invocations=51 (full 5):
 PSYoungGen      total 425472K, used 425098K [0x00000000e0000000, 0x00000000ffa80000, 0x0000000100000000)
  eden space 396800K, 100% used [0x00000000e0000000,0x00000000f8380000,0x00000000f8380000)
  from space 28672K, 98% used [0x00000000f8380000,0x00000000f9f229a0,0x00000000f9f80000)
  to   space 60928K, 0% used [0x00000000fbf00000,0x00000000fbf00000,0x00000000ffa80000)
 ParOldGen       total 153088K, used 76895K [0x00000000a0000000, 0x00000000a9580000, 0x00000000e0000000)
  object space 153088K, 50% used [0x00000000a0000000,0x00000000a4b17fc0,0x00000000a9580000)
 Metaspace       used 83234K, capacity 90228K, committed 90456K, reserved 1128448K
  class space    used 10553K, capacity 11593K, committed 11648K, reserved 1048576K

